2018-01-29 18:40:54 INFO  ApacheHttpClient.testConnection(185) - result = true
2018-01-29 18:41:09 INFO  ApacheHttpClient.sendEvent(450) - responseCode = 200
2018-01-29 18:42:09 INFO  ApacheHttpClient.sendEvent(450) - responseCode = 200
2018-01-29 18:43:09 INFO  ApacheHttpClient.sendEvent(450) - responseCode = 200
2018-01-29 18:44:09 INFO  ApacheHttpClient.sendEvent(450) - responseCode = 200
2018-01-29 18:45:09 INFO  ApacheHttpClient.sendEvent(450) - responseCode = 200
2018-01-29 18:46:09 INFO  ApacheHttpClient.sendEvent(450) - responseCode = 200
2018-01-29 18:47:09 INFO  ApacheHttpClient.sendEvent(450) - responseCode = 200
2018-01-29 18:48:09 INFO  ApacheHttpClient.sendEvent(450) - responseCode = 200
2018-01-29 18:49:09 INFO  ApacheHttpClient.sendEvent(450) - responseCode = 200
2018-01-29 18:50:09 INFO  ApacheHttpClient.sendEvent(450) - responseCode = 200
2018-01-29 18:51:09 INFO  ApacheHttpClient.sendEvent(450) - responseCode = 200
2018-01-29 18:51:13 INFO  ApacheHttpClient.testConnection(178) - responseCode = 200
2018-01-29 18:51:13 INFO  ApacheHttpClient.testConnection(185) - result = true
2018-01-29 18:51:15 INFO  ApacheHttpClient.getWebResourceAsStream(420) - responseCode = 200
2018-01-29 18:51:15 INFO  ApacheHttpClient.getFilteredTasks(307) - responseCode = 200
2018-01-29 18:51:29 INFO  ApacheHttpClient.getTaskTemplateInfo(324) - responseCode = 200
2018-01-29 18:51:29 INFO  ApacheHttpClient.testConnection(178) - responseCode = 200
2018-01-29 18:51:29 INFO  ApacheHttpClient.testConnection(185) - result = true
2018-01-29 18:51:30 INFO  ApacheHttpClient.testConnection(178) - responseCode = 200
2018-01-29 18:51:30 INFO  ApacheHttpClient.testConnection(185) - result = true
2018-01-29 18:51:30 INFO  ApacheHttpClient.getWebResourceAsStream(420) - responseCode = 200
2018-01-29 18:52:09 INFO  ApacheHttpClient.sendEvent(450) - responseCode = 200
2018-01-29 18:53:09 INFO  ApacheHttpClient.sendEvent(450) - responseCode = 200
2018-01-29 18:54:09 INFO  ApacheHttpClient.sendEvent(450) - responseCode = 200
2018-01-29 18:55:09 INFO  ApacheHttpClient.sendEvent(450) - responseCode = 200
2018-01-29 18:56:09 INFO  ApacheHttpClient.sendEvent(450) - responseCode = 200
2018-01-29 18:57:09 INFO  ApacheHttpClient.sendEvent(450) - responseCode = 200
2018-01-29 18:58:09 INFO  ApacheHttpClient.sendEvent(450) - responseCode = 200
2018-01-29 18:59:09 INFO  ApacheHttpClient.sendEvent(450) - responseCode = 200
2018-01-29 19:00:09 INFO  ApacheHttpClient.sendEvent(450) - responseCode = 200
2018-01-29 19:01:09 INFO  ApacheHttpClient.sendEvent(450) - responseCode = 200
2018-01-29 19:02:09 INFO  ApacheHttpClient.sendEvent(450) - responseCode = 200
2018-01-29 19:03:09 INFO  ApacheHttpClient.sendEvent(450) - responseCode = 200
2018-01-29 19:04:09 INFO  ApacheHttpClient.sendEvent(450) - responseCode = 200
2018-01-29 19:05:09 INFO  ApacheHttpClient.sendEvent(450) - responseCode = 200
2018-01-29 19:06:09 INFO  ApacheHttpClient.sendEvent(450) - responseCode = 200
2018-01-29 19:07:09 INFO  ApacheHttpClient.sendEvent(450) - responseCode = 200
2018-01-29 19:08:09 INFO  ApacheHttpClient.sendEvent(450) - responseCode = 200
2018-01-29 19:09:09 INFO  ApacheHttpClient.sendEvent(450) - responseCode = 200
2018-01-29 19:10:09 INFO  ApacheHttpClient.sendEvent(450) - responseCode = 200
2018-01-29 19:11:09 INFO  ApacheHttpClient.sendEvent(450) - responseCode = 200
2018-01-29 19:12:09 INFO  ApacheHttpClient.sendEvent(450) - responseCode = 200
2018-01-29 19:13:09 INFO  ApacheHttpClient.sendEvent(450) - responseCode = 200
2018-01-29 19:14:09 INFO  ApacheHttpClient.sendEvent(450) - responseCode = 200
2018-01-29 19:15:09 INFO  ApacheHttpClient.sendEvent(450) - responseCode = 200
2018-01-29 19:16:09 INFO  ApacheHttpClient.sendEvent(450) - responseCode = 200
2018-01-29 19:17:09 INFO  ApacheHttpClient.sendEvent(450) - responseCode = 200
2018-01-29 19:18:09 INFO  ApacheHttpClient.sendEvent(450) - responseCode = 200
2018-01-29 19:19:10 INFO  ApacheHttpClient.sendEvent(450) - responseCode = 200
2018-01-29 19:20:09 INFO  ApacheHttpClient.sendEvent(450) - responseCode = 200
2018-01-29 19:21:09 INFO  ApacheHttpClient.sendEvent(450) - responseCode = 200
2018-01-29 19:22:09 INFO  ApacheHttpClient.sendEvent(450) - responseCode = 200
2018-01-29 19:23:10 INFO  ApacheHttpClient.sendEvent(450) - responseCode = 200
2018-01-29 19:47:55 ERROR ApacheHttpClient.processExceptionSendEvent(103) - (super) Ошибка во время отправки ивента на сервер.
2018-01-29 19:47:57 INFO  ApacheHttpClient.sendEvent(450) - responseCode = 200
2018-01-29 19:47:57 INFO  ApacheHttpClient.sendEvent(450) - responseCode = 200
2018-01-29 19:48:54 INFO  ApacheHttpClient.sendEvent(450) - responseCode = 200
2018-01-29 19:49:54 INFO  ApacheHttpClient.sendEvent(450) - responseCode = 200
2018-01-29 19:50:54 INFO  ApacheHttpClient.sendEvent(450) - responseCode = 200
2018-01-29 19:51:54 INFO  ApacheHttpClient.sendEvent(450) - responseCode = 200
2018-01-29 19:52:54 INFO  ApacheHttpClient.sendEvent(450) - responseCode = 200
2018-01-29 19:53:54 INFO  ApacheHttpClient.sendEvent(450) - responseCode = 200
2018-01-29 19:54:54 INFO  ApacheHttpClient.sendEvent(450) - responseCode = 200
2018-01-29 19:55:54 INFO  ApacheHttpClient.sendEvent(450) - responseCode = 200
2018-01-29 19:56:54 INFO  ApacheHttpClient.sendEvent(450) - responseCode = 200
2018-01-29 19:57:54 INFO  ApacheHttpClient.sendEvent(450) - responseCode = 200
2018-01-29 19:58:54 INFO  ApacheHttpClient.sendEvent(450) - responseCode = 200
2018-01-29 19:59:54 INFO  ApacheHttpClient.sendEvent(450) - responseCode = 200
2018-01-29 20:00:54 INFO  ApacheHttpClient.sendEvent(450) - responseCode = 200
2018-01-29 20:01:54 INFO  ApacheHttpClient.sendEvent(450) - responseCode = 200
2018-01-29 20:02:54 INFO  ApacheHttpClient.sendEvent(450) - responseCode = 200
2018-01-29 20:03:54 INFO  ApacheHttpClient.sendEvent(450) - responseCode = 200
2018-01-29 20:04:54 INFO  ApacheHttpClient.sendEvent(450) - responseCode = 200
2018-01-29 20:05:54 INFO  ApacheHttpClient.sendEvent(450) - responseCode = 200
2018-01-29 20:05:54 INFO  ApacheHttpClient.sendEvent(450) - responseCode = 200
2018-01-29 20:06:54 INFO  ApacheHttpClient.sendEvent(450) - responseCode = 200
2018-01-29 20:06:54 INFO  ApacheHttpClient.sendEvent(450) - responseCode = 200
2018-01-29 20:07:54 INFO  ApacheHttpClient.sendEvent(450) - responseCode = 200
2018-01-29 20:07:55 INFO  ApacheHttpClient.sendEvent(450) - responseCode = 200
2018-01-29 20:08:54 INFO  ApacheHttpClient.sendEvent(450) - responseCode = 200
2018-01-29 20:08:54 INFO  ApacheHttpClient.sendEvent(450) - responseCode = 200
2018-01-29 20:09:54 INFO  ApacheHttpClient.sendEvent(450) - responseCode = 200
2018-01-29 20:10:54 INFO  ApacheHttpClient.sendEvent(450) - responseCode = 200
2018-01-29 20:11:54 INFO  ApacheHttpClient.sendEvent(450) - responseCode = 200
2018-01-29 20:12:54 INFO  ApacheHttpClient.sendEvent(450) - responseCode = 200
2018-01-29 20:13:54 INFO  ApacheHttpClient.sendEvent(450) - responseCode = 200
2018-01-29 20:14:54 INFO  ApacheHttpClient.sendEvent(450) - responseCode = 200
2018-01-29 20:15:54 INFO  ApacheHttpClient.sendEvent(450) - responseCode = 200
2018-01-29 20:16:54 INFO  ApacheHttpClient.sendEvent(450) - responseCode = 200
2018-01-29 20:17:55 INFO  ApacheHttpClient.sendEvent(450) - responseCode = 200
2018-01-29 20:18:54 INFO  ApacheHttpClient.sendEvent(450) - responseCode = 200
2018-01-29 20:19:54 INFO  ApacheHttpClient.sendEvent(450) - responseCode = 200
2018-01-29 20:20:54 INFO  ApacheHttpClient.sendEvent(450) - responseCode = 200
2018-01-29 20:21:54 INFO  ApacheHttpClient.sendEvent(450) - responseCode = 200
2018-01-29 20:22:54 INFO  ApacheHttpClient.sendEvent(450) - responseCode = 200
2018-01-29 20:23:54 INFO  ApacheHttpClient.sendEvent(450) - responseCode = 200
2018-01-29 20:24:54 INFO  ApacheHttpClient.sendEvent(450) - responseCode = 200
2018-01-29 20:25:54 INFO  ApacheHttpClient.sendEvent(450) - responseCode = 200
2018-01-29 20:26:54 INFO  ApacheHttpClient.sendEvent(450) - responseCode = 200
2018-01-29 20:27:54 INFO  ApacheHttpClient.sendEvent(450) - responseCode = 200
2018-01-29 20:28:59 ERROR ApacheHttpClient.processExceptionSendEvent(103) - (super) Ошибка во время отправки ивента на сервер.
2018-01-29 20:29:55 INFO  ApacheHttpClient.sendEvent(450) - responseCode = 200
2018-01-29 20:30:54 INFO  ApacheHttpClient.sendEvent(450) - responseCode = 200
2018-01-29 20:31:54 INFO  ApacheHttpClient.sendEvent(450) - responseCode = 200
2018-01-29 20:32:54 INFO  ApacheHttpClient.sendEvent(450) - responseCode = 200
2018-01-29 20:33:54 INFO  ApacheHttpClient.sendEvent(450) - responseCode = 200
2018-01-29 20:34:54 INFO  ApacheHttpClient.sendEvent(450) - responseCode = 200
2018-01-29 20:35:54 INFO  ApacheHttpClient.sendEvent(450) - responseCode = 200
2018-01-29 20:36:54 INFO  ApacheHttpClient.sendEvent(450) - responseCode = 200
2018-01-29 20:37:54 INFO  ApacheHttpClient.sendEvent(450) - responseCode = 200
2018-01-29 20:38:54 INFO  ApacheHttpClient.sendEvent(450) - responseCode = 200
2018-01-29 20:39:54 INFO  ApacheHttpClient.sendEvent(450) - responseCode = 200
2018-01-29 20:40:54 INFO  ApacheHttpClient.sendEvent(450) - responseCode = 200
2018-01-29 20:41:54 INFO  ApacheHttpClient.sendEvent(450) - responseCode = 200
2018-01-29 20:42:54 INFO  ApacheHttpClient.sendEvent(450) - responseCode = 200
2018-01-29 20:43:54 INFO  ApacheHttpClient.sendEvent(450) - responseCode = 200
2018-01-29 20:44:54 INFO  ApacheHttpClient.sendEvent(450) - responseCode = 200
2018-01-29 20:45:54 INFO  ApacheHttpClient.sendEvent(450) - responseCode = 200
2018-01-29 20:46:54 INFO  ApacheHttpClient.sendEvent(450) - responseCode = 200
2018-01-29 20:47:54 INFO  ApacheHttpClient.sendEvent(450) - responseCode = 200
2018-01-29 20:48:54 INFO  ApacheHttpClient.sendEvent(450) - responseCode = 200
2018-01-29 20:49:54 INFO  ApacheHttpClient.sendEvent(450) - responseCode = 200
2018-01-29 20:50:54 INFO  ApacheHttpClient.sendEvent(450) - responseCode = 200
2018-01-29 20:51:54 INFO  ApacheHttpClient.sendEvent(450) - responseCode = 200
2018-01-29 20:52:54 INFO  ApacheHttpClient.sendEvent(450) - responseCode = 200
2018-01-29 20:53:54 INFO  ApacheHttpClient.sendEvent(450) - responseCode = 200
2018-01-29 20:54:54 INFO  ApacheHttpClient.sendEvent(450) - responseCode = 200
2018-01-29 22:05:25 ERROR ApacheHttpClient.processExceptionSendEvent(103) - (super) Ошибка во время отправки ивента на сервер.
2018-01-29 22:58:37 INFO  ApacheHttpClient.sendEvent(450) - responseCode = 200
2018-01-30 03:46:56 ERROR ApacheHttpClient.processExceptionSendEvent(103) - (super) Ошибка во время отправки ивента на сервер.
2018-01-30 03:46:57 INFO  ApacheHttpClient.sendEvent(450) - responseCode = 200
2018-01-30 03:46:57 INFO  ApacheHttpClient.sendEvent(450) - responseCode = 200
2018-01-30 06:34:28 ERROR ApacheHttpClient.processExceptionSendEvent(103) - (super) Ошибка во время отправки ивента на сервер.
2018-01-30 06:34:51 INFO  ApacheHttpClient.sendEvent(450) - responseCode = 200
2018-01-30 08:12:56 ERROR ApacheHttpClient.processExceptionSendEvent(103) - (super) Ошибка во время отправки ивента на сервер.
2018-01-30 17:58:26 ERROR ApacheHttpClient.processExceptionSendEvent(103) - (super) Ошибка во время отправки ивента на сервер.
2018-01-30 18:59:49 INFO  ApacheHttpClient.sendEvent(450) - responseCode = 200
2018-01-30 19:00:48 INFO  ApacheHttpClient.sendEvent(450) - responseCode = 200
2018-01-30 19:01:48 INFO  ApacheHttpClient.sendEvent(450) - responseCode = 200
2018-01-30 19:02:48 INFO  ApacheHttpClient.sendEvent(450) - responseCode = 200
2018-01-30 19:03:48 INFO  ApacheHttpClient.sendEvent(450) - responseCode = 200
2018-01-30 19:04:48 INFO  ApacheHttpClient.sendEvent(450) - responseCode = 200
2018-01-30 19:05:48 INFO  ApacheHttpClient.sendEvent(450) - responseCode = 200
2018-01-30 19:06:48 INFO  ApacheHttpClient.sendEvent(450) - responseCode = 200
2018-01-30 19:07:48 INFO  ApacheHttpClient.sendEvent(450) - responseCode = 200
2018-01-30 19:08:48 INFO  ApacheHttpClient.sendEvent(450) - responseCode = 200
2018-01-30 19:09:58 INFO  ApacheHttpClient.sendEvent(450) - responseCode = 200
2018-01-30 19:10:53 INFO  ApacheHttpClient.sendEvent(450) - responseCode = 200
2018-01-30 19:11:48 INFO  ApacheHttpClient.sendEvent(450) - responseCode = 200
2018-01-30 19:12:48 INFO  ApacheHttpClient.sendEvent(450) - responseCode = 200
2018-01-30 19:13:48 INFO  ApacheHttpClient.sendEvent(450) - responseCode = 200
2018-01-30 19:14:50 INFO  ApacheHttpClient.sendEvent(450) - responseCode = 200
2018-01-30 19:16:00 INFO  ApacheHttpClient.sendEvent(450) - responseCode = 200
2018-01-30 19:16:58 INFO  ApacheHttpClient.sendEvent(450) - responseCode = 200
2018-01-30 19:17:58 INFO  ApacheHttpClient.sendEvent(450) - responseCode = 200
2018-01-30 19:18:58 INFO  ApacheHttpClient.sendEvent(450) - responseCode = 200
2018-01-30 19:19:48 INFO  ApacheHttpClient.sendEvent(450) - responseCode = 200
2018-01-30 19:20:48 INFO  ApacheHttpClient.sendEvent(450) - responseCode = 200
2018-01-30 19:21:48 INFO  ApacheHttpClient.sendEvent(450) - responseCode = 200
2018-01-30 19:22:48 INFO  ApacheHttpClient.sendEvent(450) - responseCode = 200
2018-01-30 19:23:48 INFO  ApacheHttpClient.sendEvent(450) - responseCode = 200
2018-01-30 19:24:48 INFO  ApacheHttpClient.sendEvent(450) - responseCode = 200
2018-01-30 19:25:48 INFO  ApacheHttpClient.sendEvent(450) - responseCode = 200
2018-01-30 19:26:48 INFO  ApacheHttpClient.sendEvent(450) - responseCode = 200
2018-01-30 19:27:48 INFO  ApacheHttpClient.sendEvent(450) - responseCode = 200
2018-01-30 19:28:48 INFO  ApacheHttpClient.sendEvent(450) - responseCode = 200
2018-01-30 19:29:48 INFO  ApacheHttpClient.sendEvent(450) - responseCode = 200
2018-01-30 19:30:48 INFO  ApacheHttpClient.sendEvent(450) - responseCode = 200
2018-01-30 19:31:48 INFO  ApacheHttpClient.sendEvent(450) - responseCode = 200
2018-01-30 19:32:48 INFO  ApacheHttpClient.sendEvent(450) - responseCode = 200
2018-01-30 19:33:48 INFO  ApacheHttpClient.sendEvent(450) - responseCode = 200
2018-01-30 19:34:48 INFO  ApacheHttpClient.sendEvent(450) - responseCode = 200
2018-01-30 19:35:48 INFO  ApacheHttpClient.sendEvent(450) - responseCode = 200
2018-01-30 19:36:48 INFO  ApacheHttpClient.sendEvent(450) - responseCode = 200
2018-01-30 19:37:48 INFO  ApacheHttpClient.sendEvent(450) - responseCode = 200
2018-01-30 19:38:48 INFO  ApacheHttpClient.sendEvent(450) - responseCode = 200
2018-01-30 19:39:48 INFO  ApacheHttpClient.sendEvent(450) - responseCode = 200
2018-01-30 19:40:48 INFO  ApacheHttpClient.sendEvent(450) - responseCode = 200
2018-01-30 19:41:48 INFO  ApacheHttpClient.sendEvent(450) - responseCode = 200
2018-01-30 19:42:48 INFO  ApacheHttpClient.sendEvent(450) - responseCode = 200
2018-01-30 19:43:48 INFO  ApacheHttpClient.sendEvent(450) - responseCode = 200
2018-01-30 19:44:48 INFO  ApacheHttpClient.sendEvent(450) - responseCode = 200
2018-01-30 19:45:48 INFO  ApacheHttpClient.sendEvent(450) - responseCode = 200
2018-01-30 19:46:48 INFO  ApacheHttpClient.sendEvent(450) - responseCode = 200
2018-01-30 19:47:48 INFO  ApacheHttpClient.sendEvent(450) - responseCode = 200
2018-01-30 19:48:48 INFO  ApacheHttpClient.sendEvent(450) - responseCode = 200
2018-01-30 19:49:48 INFO  ApacheHttpClient.sendEvent(450) - responseCode = 200
2018-01-30 19:50:48 INFO  ApacheHttpClient.sendEvent(450) - responseCode = 200
2018-01-30 19:51:48 INFO  ApacheHttpClient.sendEvent(450) - responseCode = 200
2018-01-30 19:52:48 INFO  ApacheHttpClient.sendEvent(450) - responseCode = 200
2018-01-30 19:53:48 INFO  ApacheHttpClient.sendEvent(450) - responseCode = 200
2018-01-30 19:54:49 INFO  ApacheHttpClient.sendEvent(450) - responseCode = 200
2018-01-30 19:55:48 INFO  ApacheHttpClient.sendEvent(450) - responseCode = 200
2018-01-30 19:56:48 INFO  ApacheHttpClient.sendEvent(450) - responseCode = 200
2018-01-30 19:57:48 INFO  ApacheHttpClient.sendEvent(450) - responseCode = 200
2018-01-30 19:57:54 INFO  ApacheHttpClient.getWebResourceAsStream(420) - responseCode = 200
2018-01-30 19:57:55 INFO  ApacheHttpClient.getFilteredTasks(307) - responseCode = 200
2018-01-30 19:58:00 INFO  ApacheHttpClient.getFilteredTasks(307) - responseCode = 200
2018-01-30 19:58:10 INFO  ApacheHttpClient.getTaskTemplateInfo(324) - responseCode = 200
2018-01-30 19:58:11 INFO  ApacheHttpClient.testConnection(178) - responseCode = 200
2018-01-30 19:58:11 INFO  ApacheHttpClient.testConnection(185) - result = true
2018-01-30 19:58:13 INFO  ApacheHttpClient.testConnection(178) - responseCode = 200
2018-01-30 19:58:13 INFO  ApacheHttpClient.testConnection(185) - result = true
2018-01-30 19:58:14 INFO  ApacheHttpClient.getWebResourceAsStream(420) - responseCode = 200
2018-01-30 19:58:48 INFO  ApacheHttpClient.sendEvent(450) - responseCode = 200
2018-01-30 19:59:48 INFO  ApacheHttpClient.sendEvent(450) - responseCode = 200
2018-01-30 20:00:48 INFO  ApacheHttpClient.sendEvent(450) - responseCode = 200
2018-01-30 20:01:48 INFO  ApacheHttpClient.sendEvent(450) - responseCode = 200
2018-01-30 20:02:20 INFO  ApacheHttpClient.getWebResourceAsStream(420) - responseCode = 200
2018-01-30 20:02:32 INFO  ApacheHttpClient.getWebResourceAsStream(420) - responseCode = 200
2018-01-30 20:02:32 INFO  ApacheHttpClient.getTask(405) - responseCode = 200
2018-01-30 20:02:34 INFO  ApacheHttpClient.completed(27) - responseCode = 200
2018-01-30 20:02:34 INFO  ApacheHttpClient.getTask(405) - responseCode = 200
2018-01-30 20:02:48 INFO  ApacheHttpClient.sendEvent(450) - responseCode = 200
2018-01-30 20:03:15 INFO  ApacheHttpClient.getWebResourceAsStream(420) - responseCode = 200
2018-01-30 20:03:17 INFO  ApacheHttpClient.getFilteredTasks(307) - responseCode = 200
2018-01-30 20:03:20 INFO  ApacheHttpClient.getTaskTemplateInfo(324) - responseCode = 200
2018-01-30 20:03:23 INFO  ApacheHttpClient.testConnection(178) - responseCode = 200
2018-01-30 20:03:23 INFO  ApacheHttpClient.testConnection(185) - result = true
2018-01-30 20:03:24 INFO  ApacheHttpClient.testConnection(178) - responseCode = 200
2018-01-30 20:03:24 INFO  ApacheHttpClient.testConnection(185) - result = true
2018-01-30 20:03:25 INFO  ApacheHttpClient.getWebResourceAsStream(420) - responseCode = 200
2018-01-30 20:03:48 INFO  ApacheHttpClient.sendEvent(450) - responseCode = 200
2018-01-30 20:04:48 INFO  ApacheHttpClient.sendEvent(450) - responseCode = 200
2018-01-30 20:05:41 INFO  ApacheHttpClient.getWebResourceAsStream(420) - responseCode = 200
2018-01-30 20:05:49 INFO  ApacheHttpClient.sendEvent(450) - responseCode = 200
2018-01-30 20:05:54 INFO  ApacheHttpClient.getWebResourceAsStream(420) - responseCode = 200
2018-01-30 20:05:54 INFO  ApacheHttpClient.getTask(405) - responseCode = 200
2018-01-30 20:05:56 INFO  ApacheHttpClient.completed(27) - responseCode = 200
2018-01-30 20:05:56 INFO  ApacheHttpClient.getTask(405) - responseCode = 200
2018-01-30 20:06:48 INFO  ApacheHttpClient.sendEvent(450) - responseCode = 200
2018-01-30 20:06:56 INFO  ApacheHttpClient.getWebResourceAsStream(420) - responseCode = 200
2018-01-30 20:06:57 INFO  ApacheHttpClient.getFilteredTasks(307) - responseCode = 200
2018-01-30 20:06:59 INFO  ApacheHttpClient.getTaskTemplateInfo(324) - responseCode = 200
2018-01-30 20:07:02 INFO  ApacheHttpClient.testConnection(178) - responseCode = 200
2018-01-30 20:07:02 INFO  ApacheHttpClient.testConnection(185) - result = true
2018-01-30 20:07:04 INFO  ApacheHttpClient.testConnection(178) - responseCode = 200
2018-01-30 20:07:04 INFO  ApacheHttpClient.testConnection(185) - result = true
2018-01-30 20:07:05 INFO  ApacheHttpClient.getWebResourceAsStream(420) - responseCode = 200
2018-01-30 20:07:48 INFO  ApacheHttpClient.sendEvent(450) - responseCode = 200
2018-01-30 20:08:48 INFO  ApacheHttpClient.sendEvent(450) - responseCode = 200
2018-01-30 20:09:48 INFO  ApacheHttpClient.sendEvent(450) - responseCode = 200
2018-01-30 20:10:48 INFO  ApacheHttpClient.sendEvent(450) - responseCode = 200
2018-01-30 20:11:48 INFO  ApacheHttpClient.sendEvent(450) - responseCode = 200
2018-01-30 20:12:48 INFO  ApacheHttpClient.sendEvent(450) - responseCode = 200
2018-01-30 20:13:48 INFO  ApacheHttpClient.sendEvent(450) - responseCode = 200
2018-01-30 20:14:50 INFO  ApacheHttpClient.sendEvent(450) - responseCode = 504
2018-01-30 20:15:48 INFO  ApacheHttpClient.sendEvent(450) - responseCode = 200
2018-01-30 20:16:48 INFO  ApacheHttpClient.sendEvent(450) - responseCode = 200
2018-01-30 20:17:48 INFO  ApacheHttpClient.sendEvent(450) - responseCode = 200
2018-01-30 20:17:56 INFO  ApacheHttpClient.getWebResourceAsStream(420) - responseCode = 200
2018-01-30 20:18:09 INFO  ApacheHttpClient.getWebResourceAsStream(420) - responseCode = 200
2018-01-30 20:18:09 INFO  ApacheHttpClient.getTask(405) - responseCode = 200
2018-01-30 20:18:11 INFO  ApacheHttpClient.completed(27) - responseCode = 200
2018-01-30 20:18:34 INFO  ApacheHttpClient.getWebResourceAsStream(420) - responseCode = 200
2018-01-30 20:18:48 INFO  ApacheHttpClient.sendEvent(450) - responseCode = 200
2018-01-30 20:18:49 INFO  ApacheHttpClient.getWebResourceAsStream(420) - responseCode = 200
2018-01-30 20:18:49 INFO  ApacheHttpClient.getTask(405) - responseCode = 200
2018-01-30 20:18:50 INFO  ApacheHttpClient.completed(27) - responseCode = 200
2018-01-30 20:18:50 INFO  ApacheHttpClient.getTask(405) - responseCode = 200
2018-01-30 20:19:48 INFO  ApacheHttpClient.sendEvent(450) - responseCode = 200
2018-01-30 20:20:29 INFO  ApacheHttpClient.getWebResourceAsStream(420) - responseCode = 200
2018-01-30 20:20:29 INFO  ApacheHttpClient.getFilteredTasks(307) - responseCode = 200
2018-01-30 20:20:31 INFO  ApacheHttpClient.getTaskTemplateInfo(324) - responseCode = 200
2018-01-30 20:20:33 INFO  ApacheHttpClient.testConnection(178) - responseCode = 200
2018-01-30 20:20:33 INFO  ApacheHttpClient.testConnection(185) - result = true
2018-01-30 20:20:35 INFO  ApacheHttpClient.testConnection(178) - responseCode = 200
2018-01-30 20:20:35 INFO  ApacheHttpClient.testConnection(185) - result = true
2018-01-30 20:20:36 INFO  ApacheHttpClient.getWebResourceAsStream(420) - responseCode = 200
2018-01-30 20:20:48 INFO  ApacheHttpClient.sendEvent(450) - responseCode = 200
2018-01-30 20:21:48 INFO  ApacheHttpClient.sendEvent(450) - responseCode = 200
2018-01-30 20:22:48 INFO  ApacheHttpClient.sendEvent(450) - responseCode = 200
2018-01-30 20:23:48 INFO  ApacheHttpClient.sendEvent(450) - responseCode = 200
2018-01-30 20:24:48 INFO  ApacheHttpClient.sendEvent(450) - responseCode = 200
2018-01-30 20:25:48 INFO  ApacheHttpClient.sendEvent(450) - responseCode = 200
2018-01-30 20:26:49 INFO  ApacheHttpClient.sendEvent(450) - responseCode = 200
2018-01-30 20:27:48 INFO  ApacheHttpClient.sendEvent(450) - responseCode = 200
2018-01-30 20:28:48 INFO  ApacheHttpClient.sendEvent(450) - responseCode = 200
2018-01-30 20:29:48 INFO  ApacheHttpClient.sendEvent(450) - responseCode = 200
2018-01-30 20:30:48 INFO  ApacheHttpClient.sendEvent(450) - responseCode = 200
2018-01-30 20:31:48 INFO  ApacheHttpClient.sendEvent(450) - responseCode = 200
2018-01-30 20:32:48 INFO  ApacheHttpClient.sendEvent(450) - responseCode = 200
2018-01-30 20:33:48 INFO  ApacheHttpClient.sendEvent(450) - responseCode = 200
2018-01-30 20:34:48 INFO  ApacheHttpClient.sendEvent(450) - responseCode = 200
2018-01-30 20:35:48 INFO  ApacheHttpClient.sendEvent(450) - responseCode = 200
2018-01-30 20:36:48 INFO  ApacheHttpClient.sendEvent(450) - responseCode = 200
2018-01-30 20:37:48 INFO  ApacheHttpClient.sendEvent(450) - responseCode = 200
2018-01-30 20:38:48 INFO  ApacheHttpClient.sendEvent(450) - responseCode = 200
2018-01-30 20:39:48 INFO  ApacheHttpClient.sendEvent(450) - responseCode = 200
2018-01-30 20:40:48 INFO  ApacheHttpClient.sendEvent(450) - responseCode = 200
2018-01-30 20:41:48 INFO  ApacheHttpClient.sendEvent(450) - responseCode = 200
2018-01-30 20:42:49 INFO  ApacheHttpClient.sendEvent(450) - responseCode = 200
2018-01-30 20:43:48 INFO  ApacheHttpClient.sendEvent(450) - responseCode = 200
2018-01-30 20:44:48 INFO  ApacheHttpClient.sendEvent(450) - responseCode = 200
2018-01-30 20:45:48 INFO  ApacheHttpClient.sendEvent(450) - responseCode = 200
2018-01-30 20:46:48 INFO  ApacheHttpClient.sendEvent(450) - responseCode = 200
2018-01-30 20:47:49 INFO  ApacheHttpClient.sendEvent(450) - responseCode = 200
2018-01-30 20:48:49 INFO  ApacheHttpClient.sendEvent(450) - responseCode = 200
2018-01-30 20:49:48 INFO  ApacheHttpClient.sendEvent(450) - responseCode = 200
2018-01-30 20:50:48 INFO  ApacheHttpClient.sendEvent(450) - responseCode = 200
2018-01-30 20:51:48 INFO  ApacheHttpClient.sendEvent(450) - responseCode = 200
2018-01-30 20:52:48 INFO  ApacheHttpClient.sendEvent(450) - responseCode = 200
2018-01-30 20:53:48 INFO  ApacheHttpClient.sendEvent(450) - responseCode = 200
2018-01-30 20:54:48 INFO  ApacheHttpClient.sendEvent(450) - responseCode = 200
2018-01-30 20:55:49 INFO  ApacheHttpClient.sendEvent(450) - responseCode = 200
2018-01-30 20:56:48 INFO  ApacheHttpClient.sendEvent(450) - responseCode = 200
2018-01-30 20:57:48 INFO  ApacheHttpClient.sendEvent(450) - responseCode = 200
2018-01-30 20:58:48 INFO  ApacheHttpClient.sendEvent(450) - responseCode = 200
2018-01-30 20:59:48 INFO  ApacheHttpClient.sendEvent(450) - responseCode = 200
2018-01-30 21:00:48 INFO  ApacheHttpClient.sendEvent(450) - responseCode = 200
2018-01-30 21:01:48 INFO  ApacheHttpClient.sendEvent(450) - responseCode = 200
2018-01-30 21:02:49 INFO  ApacheHttpClient.sendEvent(450) - responseCode = 200
2018-01-30 21:03:49 INFO  ApacheHttpClient.sendEvent(450) - responseCode = 200
2018-01-30 21:04:48 INFO  ApacheHttpClient.sendEvent(450) - responseCode = 200
2018-01-30 21:05:48 INFO  ApacheHttpClient.sendEvent(450) - responseCode = 200
2018-01-30 21:06:48 INFO  ApacheHttpClient.sendEvent(450) - responseCode = 200
2018-01-30 21:07:48 INFO  ApacheHttpClient.sendEvent(450) - responseCode = 200
2018-01-30 21:08:49 INFO  ApacheHttpClient.sendEvent(450) - responseCode = 200
2018-01-30 21:09:48 INFO  ApacheHttpClient.sendEvent(450) - responseCode = 200
2018-01-30 21:10:49 INFO  ApacheHttpClient.sendEvent(450) - responseCode = 200
2018-01-30 21:11:49 INFO  ApacheHttpClient.sendEvent(450) - responseCode = 200
2018-01-30 21:12:48 INFO  ApacheHttpClient.sendEvent(450) - responseCode = 200
2018-01-30 21:13:48 INFO  ApacheHttpClient.sendEvent(450) - responseCode = 200
2018-01-30 21:14:48 INFO  ApacheHttpClient.sendEvent(450) - responseCode = 200
2018-01-30 21:15:48 INFO  ApacheHttpClient.sendEvent(450) - responseCode = 200
2018-01-30 21:16:48 INFO  ApacheHttpClient.sendEvent(450) - responseCode = 200
2018-01-30 21:17:48 INFO  ApacheHttpClient.sendEvent(450) - responseCode = 200
2018-01-30 21:18:48 INFO  ApacheHttpClient.sendEvent(450) - responseCode = 200
2018-01-30 21:19:48 INFO  ApacheHttpClient.sendEvent(450) - responseCode = 200
2018-01-30 21:20:48 INFO  ApacheHttpClient.sendEvent(450) - responseCode = 200
2018-01-30 21:21:48 INFO  ApacheHttpClient.sendEvent(450) - responseCode = 200
2018-01-30 21:22:48 INFO  ApacheHttpClient.sendEvent(450) - responseCode = 200
2018-01-30 21:23:48 INFO  ApacheHttpClient.sendEvent(450) - responseCode = 200
2018-01-30 21:23:58 INFO  ApacheHttpClient.getWebResourceAsStream(420) - responseCode = 200
2018-01-30 21:24:16 INFO  ApacheHttpClient.getWebResourceAsStream(420) - responseCode = 200
2018-01-30 21:24:17 INFO  ApacheHttpClient.getTask(405) - responseCode = 200
2018-01-30 21:24:18 INFO  ApacheHttpClient.completed(27) - responseCode = 200
2018-01-30 21:24:18 INFO  ApacheHttpClient.getTask(405) - responseCode = 200
2018-01-30 21:24:48 INFO  ApacheHttpClient.sendEvent(450) - responseCode = 200
2018-01-30 21:25:48 INFO  ApacheHttpClient.sendEvent(450) - responseCode = 200
2018-01-30 21:26:48 INFO  ApacheHttpClient.sendEvent(450) - responseCode = 200
2018-01-30 21:27:48 INFO  ApacheHttpClient.sendEvent(450) - responseCode = 200
2018-01-30 21:28:48 INFO  ApacheHttpClient.sendEvent(450) - responseCode = 200
2018-01-30 21:29:48 INFO  ApacheHttpClient.sendEvent(450) - responseCode = 200
2018-01-30 21:30:48 INFO  ApacheHttpClient.sendEvent(450) - responseCode = 200
2018-01-30 21:31:48 INFO  ApacheHttpClient.sendEvent(450) - responseCode = 200
2018-01-30 21:32:48 INFO  ApacheHttpClient.sendEvent(450) - responseCode = 200
2018-01-30 21:33:48 INFO  ApacheHttpClient.sendEvent(450) - responseCode = 200
2018-01-30 21:34:48 INFO  ApacheHttpClient.sendEvent(450) - responseCode = 200
2018-01-30 21:35:49 INFO  ApacheHttpClient.sendEvent(450) - responseCode = 200
2018-01-30 21:51:44 INFO  ApacheHttpClient.getWebResourceAsStream(420) - responseCode = 200
2018-01-30 21:51:44 INFO  ApacheHttpClient.getFilteredTasks(307) - responseCode = 200
2018-01-30 21:51:54 INFO  ApacheHttpClient.getTaskTemplateInfo(324) - responseCode = 200
2018-01-30 21:51:55 INFO  ApacheHttpClient.testConnection(178) - responseCode = 200
2018-01-30 21:51:55 INFO  ApacheHttpClient.testConnection(185) - result = true
2018-01-30 21:51:56 INFO  ApacheHttpClient.testConnection(178) - responseCode = 200
2018-01-30 21:51:56 INFO  ApacheHttpClient.testConnection(185) - result = true
2018-01-30 21:51:56 INFO  ApacheHttpClient.getWebResourceAsStream(420) - responseCode = 200
2018-01-30 21:55:08 ERROR ApacheHttpClient.processExceptionSendEvent(103) - (super) Ошибка во время отправки ивента на сервер.
2018-01-30 21:55:09 INFO  ApacheHttpClient.sendEvent(450) - responseCode = 200
2018-01-30 21:55:09 INFO  ApacheHttpClient.sendEvent(450) - responseCode = 200
2018-01-30 21:55:09 INFO  ApacheHttpClient.sendEvent(450) - responseCode = 200
2018-01-30 21:55:43 INFO  ApacheHttpClient.sendEvent(450) - responseCode = 200
2018-01-30 21:56:09 INFO  ApacheHttpClient.getWebResourceAsStream(420) - responseCode = 200
2018-01-30 21:56:11 INFO  ApacheHttpClient.getWebResourceAsStream(420) - responseCode = 200
2018-01-30 21:56:13 INFO  ApacheHttpClient.completed(27) - responseCode = 200
2018-01-30 21:56:14 INFO  ApacheHttpClient.getTask(405) - responseCode = 200
2018-01-30 21:56:14 INFO  ApacheHttpClient.getTask(405) - responseCode = 200
2018-01-30 21:56:54 INFO  ApacheHttpClient.sendEvent(450) - responseCode = 200
2018-01-30 21:57:17 INFO  ApacheHttpClient.getWebResourceAsStream(420) - responseCode = 200
2018-01-30 21:57:17 INFO  ApacheHttpClient.getFilteredTasks(307) - responseCode = 200
2018-01-30 21:57:19 INFO  ApacheHttpClient.getTaskTemplateInfo(324) - responseCode = 200
2018-01-30 21:57:20 INFO  ApacheHttpClient.testConnection(178) - responseCode = 200
2018-01-30 21:57:20 INFO  ApacheHttpClient.testConnection(185) - result = true
2018-01-30 21:57:21 INFO  ApacheHttpClient.testConnection(178) - responseCode = 200
2018-01-30 21:57:21 INFO  ApacheHttpClient.testConnection(185) - result = true
2018-01-30 21:57:21 INFO  ApacheHttpClient.getWebResourceAsStream(420) - responseCode = 200
2018-01-30 21:57:43 INFO  ApacheHttpClient.sendEvent(450) - responseCode = 200
2018-01-30 21:58:43 INFO  ApacheHttpClient.sendEvent(450) - responseCode = 200
2018-01-30 21:59:52 INFO  ApacheHttpClient.sendEvent(450) - responseCode = 200
2018-01-30 22:00:44 INFO  ApacheHttpClient.sendEvent(450) - responseCode = 504
2018-01-30 22:01:43 INFO  ApacheHttpClient.sendEvent(450) - responseCode = 200
2018-01-30 22:02:43 INFO  ApacheHttpClient.sendEvent(450) - responseCode = 200
2018-01-30 22:03:43 INFO  ApacheHttpClient.sendEvent(450) - responseCode = 200
2018-01-30 22:04:43 INFO  ApacheHttpClient.sendEvent(450) - responseCode = 200
2018-01-30 22:05:43 INFO  ApacheHttpClient.sendEvent(450) - responseCode = 200
2018-01-30 22:06:43 INFO  ApacheHttpClient.sendEvent(450) - responseCode = 200
2018-01-30 22:07:45 INFO  ApacheHttpClient.sendEvent(450) - responseCode = 200
2018-01-30 22:08:04 INFO  ApacheHttpClient.getWebResourceAsStream(420) - responseCode = 200
2018-01-30 22:08:08 INFO  ApacheHttpClient.getWebResourceAsStream(420) - responseCode = 200
2018-01-30 22:08:09 INFO  ApacheHttpClient.getTask(405) - responseCode = 200
2018-01-30 22:08:10 INFO  ApacheHttpClient.completed(27) - responseCode = 200
2018-01-30 22:08:10 INFO  ApacheHttpClient.getTask(405) - responseCode = 200
2018-01-30 22:08:43 INFO  ApacheHttpClient.sendEvent(450) - responseCode = 200
2018-01-30 22:09:00 INFO  ApacheHttpClient.getWebResourceAsStream(420) - responseCode = 200
2018-01-30 22:09:01 INFO  ApacheHttpClient.getFilteredTasks(307) - responseCode = 200
2018-01-30 22:09:08 INFO  ApacheHttpClient.getTaskTemplateInfo(324) - responseCode = 200
2018-01-30 22:09:09 INFO  ApacheHttpClient.testConnection(178) - responseCode = 200
2018-01-30 22:09:09 INFO  ApacheHttpClient.testConnection(185) - result = true
2018-01-30 22:09:10 INFO  ApacheHttpClient.testConnection(178) - responseCode = 200
2018-01-30 22:09:10 INFO  ApacheHttpClient.testConnection(185) - result = true
2018-01-30 22:09:10 INFO  ApacheHttpClient.getWebResourceAsStream(420) - responseCode = 200
2018-01-30 22:09:43 INFO  ApacheHttpClient.sendEvent(450) - responseCode = 200
